RUN	LoginFailed	loginfailed	1556554227932	 	3.1.1
USER	LoginFailed	1	START	1556554228804	1556554228804
REQUEST	1		request_0	1556554228835	1556554229259	OK	 
REQUEST	1		request_0 Redirect 1	1556554229278	1556554229388	OK	 
REQUEST	1		request_0 Redirect 2	1556554229389	1556554229405	OK	 
REQUEST	1		favicon.ico	1556554229540	1556554229545	OK	 
REQUEST	1		rdflib.min.js	1556554229540	1556554229567	OK	 
REQUEST	1		runtime.js	1556554229541	1556554229568	OK	 
REQUEST	1		polyfills.js	1556554229541	1556554229570	OK	 
REQUEST	1		styles.js	1556554229542	1556554229571	OK	 
REQUEST	1		main.js	1556554229568	1556554229575	OK	 
REQUEST	1		scripts.js	1556554229542	1556554229577	OK	 
REQUEST	1		vendor.js	1556554229547	1556554229583	OK	 
REQUEST	1		css?family=Roboto|Roboto+Slab	1556554229509	1556554229633	OK	 
REQUEST	1		all.css	1556554229471	1556554229822	OK	 
REQUEST	1		request_1	1556554230846	1556554230848	OK	 
REQUEST	1		request_6	1556554230995	1556554231109	OK	 
REQUEST	1		request_4	1556554230995	1556554231109	OK	 
REQUEST	1		request_5	1556554230995	1556554231110	OK	 
REQUEST	1		request_3	1556554230996	1556554231174	OK	 
REQUEST	1		request_2	1556554230996	1556554231178	OK	 
REQUEST	1		request_7	1556554231028	1556554231303	OK	 
REQUEST	1		request_11	1556554231103	1556554231314	OK	 
REQUEST	1		request_22	1556554231104	1556554231332	OK	 
REQUEST	1		request_24	1556554231304	1556554231364	OK	 
REQUEST	1		request_131	1556554231107	1556554231365	OK	 
REQUEST	1		request_26	1556554231315	1556554231371	OK	 
REQUEST	1		request_9	1556554231103	1556554231404	OK	 
REQUEST	1		request_10	1556554231103	1556554231405	OK	 
REQUEST	1		request_14	1556554231104	1556554231407	OK	 
REQUEST	1		request_27	1556554231332	1556554231408	OK	 
REQUEST	1		request_28	1556554231365	1556554231425	OK	 
REQUEST	1		request_29	1556554231372	1556554231426	OK	 
REQUEST	1		request_127	1556554231105	1556554231428	OK	 
REQUEST	1		request_30	1556554231405	1556554231449	OK	 
REQUEST	1		request_37	1556554231406	1556554231450	OK	 
REQUEST	1		request_39	1556554231408	1556554231454	OK	 
REQUEST	1		request_43	1556554231409	1556554231455	OK	 
REQUEST	1		request_45	1556554231427	1556554231470	OK	 
REQUEST	1		request_44	1556554231426	1556554231471	OK	 
REQUEST	1		request_46	1556554231450	1556554231494	OK	 
REQUEST	1		request_47	1556554231451	1556554231499	OK	 
REQUEST	1		request_48	1556554231454	1556554231501	OK	 
REQUEST	1		request_49	1556554231456	1556554231502	OK	 
REQUEST	1		request_55	1556554231470	1556554231512	OK	 
REQUEST	1		request_57	1556554231472	1556554231514	OK	 
REQUEST	1		request_70	1556554231495	1556554231538	OK	 
REQUEST	1		request_72	1556554231500	1556554231543	OK	 
REQUEST	1		request_73	1556554231501	1556554231547	OK	 
REQUEST	1		request_76	1556554231502	1556554231548	OK	 
REQUEST	1		request_78	1556554231513	1556554231555	OK	 
REQUEST	1		request_79	1556554231515	1556554231558	OK	 
REQUEST	1		request_91	1556554231539	1556554231583	OK	 
REQUEST	1		request_92	1556554231544	1556554231587	OK	 
REQUEST	1		request_93	1556554231547	1556554231594	OK	 
REQUEST	1		request_123	1556554231549	1556554231595	OK	 
REQUEST	1		request_108	1556554230878	1556554237476	OK	 
USER	LoginFailed	1	END	1556554228804	1556554237481
