RUN	LoginFailed	loginfailed	1556554326822	 	3.1.1
USER	LoginFailed	1	START	1556554327675	1556554327675
REQUEST	1		request_0	1556554327705	1556554328117	OK	 
REQUEST	1		request_0 Redirect 1	1556554328137	1556554328251	OK	 
REQUEST	1		request_0 Redirect 2	1556554328252	1556554328254	OK	 
REQUEST	1		favicon.ico	1556554328325	1556554328330	OK	 
REQUEST	1		rdflib.min.js	1556554328325	1556554328353	OK	 
REQUEST	1		runtime.js	1556554328326	1556554328354	OK	 
REQUEST	1		polyfills.js	1556554328326	1556554328355	OK	 
REQUEST	1		main.js	1556554328353	1556554328359	OK	 
REQUEST	1		styles.js	1556554328327	1556554328360	OK	 
REQUEST	1		scripts.js	1556554328327	1556554328363	OK	 
REQUEST	1		vendor.js	1556554328332	1556554328372	OK	 
REQUEST	1		css?family=Roboto|Roboto+Slab	1556554328323	1556554328452	OK	 
REQUEST	1		all.css	1556554328322	1556554328568	OK	 
REQUEST	1		request_1	1556554329590	1556554329592	OK	 
REQUEST	1		request_5	1556554329624	1556554329633	OK	 
REQUEST	1		request_4	1556554329624	1556554329634	OK	 
REQUEST	1		request_6	1556554329624	1556554329634	OK	 
REQUEST	1		request_3	1556554329625	1556554329720	OK	 
REQUEST	1		request_2	1556554329625	1556554329746	OK	 
REQUEST	1		request_10	1556554329629	1556554329842	OK	 
REQUEST	1		request_14	1556554329630	1556554329852	OK	 
REQUEST	1		request_22	1556554329630	1556554329854	OK	 
REQUEST	1		request_7	1556554329628	1556554329855	OK	 
REQUEST	1		request_9	1556554329629	1556554329895	OK	 
REQUEST	1		request_24	1556554329844	1556554329896	OK	 
REQUEST	1		request_11	1556554329629	1556554329897	OK	 
REQUEST	1		request_131	1556554329631	1556554329898	OK	 
REQUEST	1		request_26	1556554329853	1556554329899	OK	 
REQUEST	1		request_27	1556554329855	1556554329900	OK	 
REQUEST	1		request_127	1556554329630	1556554329901	OK	 
REQUEST	1		request_28	1556554329856	1556554329902	OK	 
REQUEST	1		request_30	1556554329896	1556554329941	OK	 
REQUEST	1		request_29	1556554329895	1556554329942	OK	 
REQUEST	1		request_39	1556554329899	1556554329943	OK	 
REQUEST	1		request_37	1556554329897	1556554329944	OK	 
REQUEST	1		request_43	1556554329900	1556554329945	OK	 
REQUEST	1		request_44	1556554329903	1556554329948	OK	 
REQUEST	1		request_45	1556554329941	1556554329995	OK	 
REQUEST	1		request_46	1556554329943	1556554329996	OK	 
REQUEST	1		request_47	1556554329944	1556554329998	OK	 
REQUEST	1		request_49	1556554329946	1556554329999	OK	 
REQUEST	1		request_55	1556554329949	1556554330000	OK	 
REQUEST	1		request_48	1556554329945	1556554330001	OK	 
REQUEST	1		request_57	1556554329995	1556554330039	OK	 
REQUEST	1		request_70	1556554329997	1556554330042	OK	 
REQUEST	1		request_72	1556554329998	1556554330043	OK	 
REQUEST	1		request_73	1556554329999	1556554330044	OK	 
REQUEST	1		request_76	1556554330000	1556554330047	OK	 
REQUEST	1		request_78	1556554330002	1556554330048	OK	 
REQUEST	1		request_79	1556554330040	1556554330083	OK	 
REQUEST	1		request_92	1556554330043	1556554330087	OK	 
REQUEST	1		request_91	1556554330042	1556554330088	OK	 
REQUEST	1		request_93	1556554330045	1556554330089	OK	 
REQUEST	1		request_123	1556554330047	1556554330092	OK	 
REQUEST	1		request_108	1556554329623	1556554333655	OK	 
USER	LoginFailed	1	END	1556554327675	1556554333662
